2017-10-12 23:28:42,830 p=31559 u=jdacosta |  ansible-playbook 2.4.0.0
  config file = /Users/jdacosta/Devel/darkbulb/examples/juniper/light-2qfx/ansible.cfg
  configured module search path = [u'/Users/jdacosta/.ansible/plugins/modules', u'/usr/share/ansible/plugins/modules']
  ansible python module location = /Library/Python/2.7/site-packages/ansible
  executable location = /usr/local/bin/ansible-playbook
  python version = 2.7.10 (default, Feb  7 2017, 00:08:15) [GCC 4.2.1 Compatible Apple LLVM 8.0.0 (clang-800.0.34)]
2017-10-12 23:28:42,830 p=31559 u=jdacosta |  Using /Users/jdacosta/Devel/darkbulb/examples/juniper/light-2qfx/ansible.cfg as config file
2017-10-12 23:28:43,045 p=31559 u=jdacosta |  PLAYBOOK: deploy.yaml ****************************************************************************************************************************************
2017-10-12 23:28:43,046 p=31559 u=jdacosta |  1 plays in deploy.yaml
2017-10-12 23:28:43,070 p=31559 u=jdacosta |  PLAY [Generate and Deploy Configuration] *********************************************************************************************************************
2017-10-12 23:28:43,078 p=31559 u=jdacosta |  META: ran handlers
2017-10-12 23:28:43,086 p=31559 u=jdacosta |  TASK [gather_facts: junos] ***********************************************************************************************************************************
2017-10-12 23:28:43,086 p=31559 u=jdacosta |  task path: /Users/jdacosta/Devel/darkbulb/examples/juniper/light-2qfx/deploy.yaml:8
2017-10-12 23:28:43,926 p=31568 u=jdacosta |  creating new control socket for host 127.0.0.1:2222 as user vagrant
2017-10-12 23:28:43,926 p=31568 u=jdacosta |  control socket path is /Users/jdacosta/.ansible/pc/6e54a4cfd3
2017-10-12 23:28:43,927 p=31568 u=jdacosta |  current working directory is /Users/jdacosta/Devel/darkbulb/examples/juniper/light-2qfx
2017-10-12 23:28:43,927 p=31568 u=jdacosta |  using connection plugin netconf
2017-10-12 23:28:43,935 p=31569 u=jdacosta |  creating new control socket for host 127.0.0.1:2200 as user vagrant
2017-10-12 23:28:43,936 p=31569 u=jdacosta |  control socket path is /Users/jdacosta/.ansible/pc/7bcbf6b000
2017-10-12 23:28:43,936 p=31569 u=jdacosta |  current working directory is /Users/jdacosta/Devel/darkbulb/examples/juniper/light-2qfx
2017-10-12 23:28:43,936 p=31569 u=jdacosta |  using connection plugin netconf
2017-10-12 23:28:43,978 p=31568 u=jdacosta |  network_os is set to junos
2017-10-12 23:28:43,982 p=31568 u=jdacosta |  ssh connection done, stating ncclient
2017-10-12 23:28:43,986 p=31569 u=jdacosta |  network_os is set to junos
2017-10-12 23:28:43,990 p=31569 u=jdacosta |  ssh connection done, stating ncclient
2017-10-12 23:28:43,993 ncclient.transport.ssh Connected (version 2.0, client OpenSSH_6.6.1)
2017-10-12 23:28:44,001 ncclient.transport.ssh Connected (version 2.0, client OpenSSH_6.6.1)
2017-10-12 23:28:44,008 ncclient.transport.ssh Authentication (publickey) successful!
2017-10-12 23:28:44,016 ncclient.transport.ssh Authentication (publickey) successful!
2017-10-12 23:28:44,129 ncclient.transport.session initialized: session-id=4702 | server_capabilities=<dictionary-keyiterator object at 0x111fb94c8>
2017-10-12 23:28:44,130 p=31568 u=jdacosta |  ncclient manager object created successfully
2017-10-12 23:28:44,132 p=31568 u=jdacosta |  loaded netconf plugin for network_os junos
2017-10-12 23:28:44,132 p=31568 u=jdacosta |  connection established to 127.0.0.1 in 0:00:00.205558
2017-10-12 23:28:44,133 p=31568 u=jdacosta |  local socket is set to listening
2017-10-12 23:28:44,138 ncclient.transport.session initialized: session-id=4662 | server_capabilities=<dictionary-keyiterator object at 0x106a3e4c8>
2017-10-12 23:28:44,138 p=31569 u=jdacosta |  ncclient manager object created successfully
2017-10-12 23:28:44,141 p=31569 u=jdacosta |  loaded netconf plugin for network_os junos
2017-10-12 23:28:44,141 p=31569 u=jdacosta |  connection established to 127.0.0.1 in 0:00:00.204903
2017-10-12 23:28:44,141 p=31569 u=jdacosta |  local socket is set to listening
2017-10-12 23:28:44,925 p=31568 u=jdacosta |  incoming request accepted on persistent socket
2017-10-12 23:28:44,925 p=31568 u=jdacosta |  socket operation is CONTEXT
2017-10-12 23:28:44,926 p=31568 u=jdacosta |  socket operation completed with rc 0
2017-10-12 23:28:44,926 p=31568 u=jdacosta |  socket operation is RUN
2017-10-12 23:28:44,926 p=31568 u=jdacosta |  socket operation completed with rc 0
2017-10-12 23:28:44,933 p=31569 u=jdacosta |  incoming request accepted on persistent socket
2017-10-12 23:28:44,934 p=31569 u=jdacosta |  socket operation is CONTEXT
2017-10-12 23:28:44,934 p=31569 u=jdacosta |  socket operation completed with rc 0
2017-10-12 23:28:44,934 p=31569 u=jdacosta |  socket operation is RUN
2017-10-12 23:28:44,934 p=31569 u=jdacosta |  socket operation completed with rc 0
2017-10-12 23:28:46,005 p=31568 u=jdacosta |  incoming request accepted on persistent socket
2017-10-12 23:28:46,005 p=31568 u=jdacosta |  socket operation is EXEC
2017-10-12 23:28:46,005 p=31568 u=jdacosta |  Command executed: <get-system-memory-information/>
2017-10-12 23:28:46,006 ncclient.operations.rpc Requesting 'ExecuteRpc'
2017-10-12 23:28:46,008 p=31569 u=jdacosta |  incoming request accepted on persistent socket
2017-10-12 23:28:46,009 p=31569 u=jdacosta |  socket operation is EXEC
2017-10-12 23:28:46,009 p=31569 u=jdacosta |  Command executed: <get-system-memory-information/>
2017-10-12 23:28:46,010 ncclient.operations.rpc Requesting 'ExecuteRpc'
2017-10-12 23:28:46,491 p=31568 u=jdacosta |  socket operation completed with rc 0
2017-10-12 23:28:46,493 p=31569 u=jdacosta |  socket operation completed with rc 0
2017-10-12 23:28:46,493 p=31568 u=jdacosta |  incoming request accepted on persistent socket
2017-10-12 23:28:46,493 p=31568 u=jdacosta |  socket operation is EXEC
2017-10-12 23:28:46,494 p=31568 u=jdacosta |  Command executed: <get-system-storage/>
2017-10-12 23:28:46,494 ncclient.operations.rpc Requesting 'ExecuteRpc'
2017-10-12 23:28:46,495 p=31569 u=jdacosta |  incoming request accepted on persistent socket
2017-10-12 23:28:46,495 p=31569 u=jdacosta |  socket operation is EXEC
2017-10-12 23:28:46,496 p=31569 u=jdacosta |  Command executed: <get-system-storage/>
2017-10-12 23:28:46,496 ncclient.operations.rpc Requesting 'ExecuteRpc'
2017-10-12 23:28:46,817 p=31568 u=jdacosta |  socket operation completed with rc 0
2017-10-12 23:28:46,819 p=31568 u=jdacosta |  incoming request accepted on persistent socket
2017-10-12 23:28:46,819 p=31568 u=jdacosta |  socket operation is EXEC
2017-10-12 23:28:46,820 p=31568 u=jdacosta |  Command executed: <get-software-information/>
2017-10-12 23:28:46,820 ncclient.operations.rpc Requesting 'ExecuteRpc'
2017-10-12 23:28:46,820 p=31569 u=jdacosta |  socket operation completed with rc 0
2017-10-12 23:28:46,821 p=31569 u=jdacosta |  incoming request accepted on persistent socket
2017-10-12 23:28:46,822 p=31569 u=jdacosta |  socket operation is EXEC
2017-10-12 23:28:46,822 p=31569 u=jdacosta |  Command executed: <get-software-information/>
2017-10-12 23:28:46,822 ncclient.operations.rpc Requesting 'ExecuteRpc'
2017-10-12 23:28:47,140 p=31568 u=jdacosta |  socket operation completed with rc 0
2017-10-12 23:28:47,141 p=31568 u=jdacosta |  incoming request accepted on persistent socket
2017-10-12 23:28:47,141 p=31568 u=jdacosta |  socket operation is EXEC
2017-10-12 23:28:47,141 p=31568 u=jdacosta |  Command executed: <get-chassis-inventory/>
2017-10-12 23:28:47,141 ncclient.operations.rpc Requesting 'ExecuteRpc'
2017-10-12 23:28:47,143 p=31569 u=jdacosta |  socket operation completed with rc 0
2017-10-12 23:28:47,143 p=31569 u=jdacosta |  incoming request accepted on persistent socket
2017-10-12 23:28:47,144 p=31569 u=jdacosta |  socket operation is EXEC
2017-10-12 23:28:47,144 p=31569 u=jdacosta |  Command executed: <get-chassis-inventory/>
2017-10-12 23:28:47,144 ncclient.operations.rpc Requesting 'ExecuteRpc'
2017-10-12 23:28:47,207 p=31568 u=jdacosta |  socket operation completed with rc 0
2017-10-12 23:28:47,208 p=31568 u=jdacosta |  incoming request accepted on persistent socket
2017-10-12 23:28:47,209 p=31568 u=jdacosta |  socket operation is EXEC
2017-10-12 23:28:47,209 p=31568 u=jdacosta |  Command executed: <get-interface-information><detail/></get-interface-information>
2017-10-12 23:28:47,209 ncclient.operations.rpc Requesting 'ExecuteRpc'
2017-10-12 23:28:47,211 p=31569 u=jdacosta |  socket operation completed with rc 0
2017-10-12 23:28:47,212 p=31569 u=jdacosta |  incoming request accepted on persistent socket
2017-10-12 23:28:47,212 p=31569 u=jdacosta |  socket operation is EXEC
2017-10-12 23:28:47,212 p=31569 u=jdacosta |  Command executed: <get-interface-information><detail/></get-interface-information>
2017-10-12 23:28:47,213 ncclient.operations.rpc Requesting 'ExecuteRpc'
2017-10-12 23:28:47,396 p=31568 u=jdacosta |  socket operation completed with rc 0
2017-10-12 23:28:47,398 p=31569 u=jdacosta |  socket operation completed with rc 0
2017-10-12 23:28:47,444 p=31559 u=jdacosta |  ok: [spine01] => {
    "ansible_facts": {
        "ansible_net_filesystems": [
            "/dev/ad0s1a", 
            "devfs", 
            "/dev/md0", 
            "/dev/md1", 
            "/dev/md2", 
            "/dev/md3", 
            "/dev/md4", 
            "/dev/md5", 
            "/dev/md6", 
            "/dev/md7", 
            "/dev/md8", 
            "/var/jail/etc", 
            "/var/jail/run", 
            "/var/jail/tmp", 
            "/var/tmp", 
            "devfs", 
            "/var/jail/jweb-app", 
            "/dev/md9", 
            "/dev/md10", 
            "procfs", 
            "/dev/ad0s1e", 
            "/var/jails/rest-api"
        ], 
        "ansible_net_gather_subset": [
            "hardware", 
            "default", 
            "interfaces"
        ], 
        "ansible_net_hostname": "spine01", 
        "ansible_net_interfaces": {
            ".local.": {
                "admin-status": "up", 
                "macaddress": "Unspecified", 
                "mtu": "Unlimited", 
                "oper-status": "up", 
                "speed": "Unlimited", 
                "type": "Loopback"
            }, 
            "bme0": {
                "admin-status": "up", 
                "macaddress": "02:00:00:00:00:0a", 
                "mtu": "2000", 
                "oper-status": "up", 
                "speed": "Unspecified", 
                "type": "Ethernet"
            }, 
            "cbp0": {
                "admin-status": "up", 
                "macaddress": "02:05:86:71:92:14", 
                "mtu": "1514", 
                "oper-status": "up", 
                "speed": "Unspecified", 
                "type": "Ethernet"
            }, 
            "dsc": {
                "admin-status": "up", 
                "macaddress": "Unspecified", 
                "mtu": "Unlimited", 
                "oper-status": "up", 
                "speed": "Unspecified", 
                "type": "Software-Pseudo"
            }, 
            "em0": {
                "admin-status": "up", 
                "macaddress": "08:00:27:b9:46:e9", 
                "mtu": "1514", 
                "oper-status": "up", 
                "speed": "1000mbps", 
                "type": "Ethernet"
            }, 
            "em1": {
                "admin-status": "up", 
                "macaddress": "08:00:27:ab:32:f6", 
                "mtu": "1514", 
                "oper-status": "up", 
                "speed": "1000mbps", 
                "type": "Ethernet"
            }, 
            "em2": {
                "admin-status": "up", 
                "macaddress": "08:00:27:84:7a:26", 
                "mtu": "1514", 
                "oper-status": "up", 
                "speed": "1000mbps", 
                "type": "Ethernet"
            }, 
            "em3": {
                "admin-status": "up", 
                "macaddress": "08:00:27:b1:af:04", 
                "mtu": "1514", 
                "oper-status": "up", 
                "speed": "1000mbps", 
                "type": "Ethernet"
            }, 
            "em4": {
                "admin-status": "up", 
                "macaddress": "08:00:27:42:c9:f8", 
                "mtu": "1514", 
                "oper-status": "up", 
                "speed": "1000mbps", 
                "type": "Ethernet"
            }, 
            "esi": {
                "admin-status": "up", 
                "macaddress": "Unspecified", 
                "mtu": "Unlimited", 
                "oper-status": "up", 
                "speed": "Unlimited", 
                "type": "Software-Pseudo"
            }, 
            "gr-0/0/0": {
                "admin-status": "up", 
                "macaddress": null, 
                "mtu": "Unlimited", 
                "oper-status": "up", 
                "speed": "800mbps", 
                "type": "GRE"
            }, 
            "gre": {
                "admin-status": "up", 
                "macaddress": null, 
                "mtu": "Unlimited", 
                "oper-status": "up", 
                "speed": "Unlimited", 
                "type": "GRE"
            }, 
            "ipip": {
                "admin-status": "up", 
                "macaddress": null, 
                "mtu": "Unlimited", 
                "oper-status": "up", 
                "speed": "Unlimited", 
                "type": "IPIP"
            }, 
            "irb": {
                "admin-status": "up", 
                "macaddress": "02:05:86:71:92:00", 
                "mtu": "1514", 
                "oper-status": "up", 
                "speed": "Unspecified", 
                "type": "Ethernet"
            }, 
            "lo0": {
                "admin-status": "up", 
                "macaddress": "Unspecified", 
                "mtu": "Unlimited", 
                "oper-status": "up", 
                "speed": "Unspecified", 
                "type": "Loopback"
            }, 
            "lsi": {
                "admin-status": "up", 
                "macaddress": "Unspecified", 
                "mtu": "Unlimited", 
                "oper-status": "up", 
                "speed": "Unlimited", 
                "type": "Software-Pseudo"
            }, 
            "mtun": {
                "admin-status": "up", 
                "macaddress": null, 
                "mtu": "Unlimited", 
                "oper-status": "up", 
                "speed": "Unlimited", 
                "type": "Multicast-GRE"
            }, 
            "pimd": {
                "admin-status": "up", 
                "macaddress": null, 
                "mtu": "Unlimited", 
                "oper-status": "up", 
                "speed": "Unlimited", 
                "type": "PIMD"
            }, 
            "pime": {
                "admin-status": "up", 
                "macaddress": null, 
                "mtu": "Unlimited", 
                "oper-status": "up", 
                "speed": "Unlimited", 
                "type": "PIME"
            }, 
            "pip0": {
                "admin-status": "up", 
                "macaddress": "02:05:86:71:8d:df", 
                "mtu": "1514", 
                "oper-status": "up", 
                "speed": "Unspecified", 
                "type": "Ethernet"
            }, 
            "tap": {
                "admin-status": "up", 
                "macaddress": "Unspecified", 
                "mtu": "Unlimited", 
                "oper-status": "up", 
                "speed": "Unlimited", 
                "type": "Software-Pseudo"
            }, 
            "vme": {
                "admin-status": "up", 
                "macaddress": "02:05:86:71:92:01", 
                "mtu": "1514", 
                "oper-status": "down", 
                "speed": "Unspecified", 
                "type": "Mgmt-VLAN"
            }, 
            "vtep": {
                "admin-status": "up", 
                "macaddress": "Unspecified", 
                "mtu": "Unlimited", 
                "oper-status": "up", 
                "speed": "Unlimited", 
                "type": "Software-Pseudo"
            }
        }, 
        "ansible_net_memfree_mb": 230820, 
        "ansible_net_memtotal_mb": 1015264, 
        "ansible_net_model": "vqfx-10000", 
        "ansible_net_serialnum": "661789719218", 
        "ansible_net_version": "15.1X53-D63.9"
    }, 
    "changed": false, 
    "failed": false
}
2017-10-12 23:28:47,446 p=31559 u=jdacosta |  ok: [leaf01] => {
    "ansible_facts": {
        "ansible_net_filesystems": [
            "/dev/ad0s1a", 
            "devfs", 
            "/dev/md0", 
            "/dev/md1", 
            "/dev/md2", 
            "/dev/md3", 
            "/dev/md4", 
            "/dev/md5", 
            "/dev/md6", 
            "/dev/md7", 
            "/dev/md8", 
            "/var/jail/etc", 
            "/var/jail/run", 
            "/var/jail/tmp", 
            "/var/tmp", 
            "devfs", 
            "/var/jail/jweb-app", 
            "/dev/md9", 
            "/dev/md10", 
            "procfs", 
            "/dev/ad0s1e", 
            "/var/jails/rest-api"
        ], 
        "ansible_net_gather_subset": [
            "hardware", 
            "default", 
            "interfaces"
        ], 
        "ansible_net_hostname": "leaf01", 
        "ansible_net_interfaces": {
            ".local.": {
                "admin-status": "up", 
                "macaddress": "Unspecified", 
                "mtu": "Unlimited", 
                "oper-status": "up", 
                "speed": "Unlimited", 
                "type": "Loopback"
            }, 
            "bme0": {
                "admin-status": "up", 
                "macaddress": "02:00:00:00:00:0a", 
                "mtu": "2000", 
                "oper-status": "up", 
                "speed": "Unspecified", 
                "type": "Ethernet"
            }, 
            "cbp0": {
                "admin-status": "up", 
                "macaddress": "02:05:86:71:8a:14", 
                "mtu": "1514", 
                "oper-status": "up", 
                "speed": "Unspecified", 
                "type": "Ethernet"
            }, 
            "dsc": {
                "admin-status": "up", 
                "macaddress": "Unspecified", 
                "mtu": "Unlimited", 
                "oper-status": "up", 
                "speed": "Unspecified", 
                "type": "Software-Pseudo"
            }, 
            "em0": {
                "admin-status": "up", 
                "macaddress": "08:00:27:b9:46:e9", 
                "mtu": "1514", 
                "oper-status": "up", 
                "speed": "1000mbps", 
                "type": "Ethernet"
            }, 
            "em1": {
                "admin-status": "up", 
                "macaddress": "08:00:27:b3:f4:89", 
                "mtu": "1514", 
                "oper-status": "up", 
                "speed": "1000mbps", 
                "type": "Ethernet"
            }, 
            "em2": {
                "admin-status": "up", 
                "macaddress": "08:00:27:ba:79:2f", 
                "mtu": "1514", 
                "oper-status": "up", 
                "speed": "1000mbps", 
                "type": "Ethernet"
            }, 
            "em3": {
                "admin-status": "up", 
                "macaddress": "08:00:27:18:ae:8f", 
                "mtu": "1514", 
                "oper-status": "up", 
                "speed": "1000mbps", 
                "type": "Ethernet"
            }, 
            "em4": {
                "admin-status": "up", 
                "macaddress": "08:00:27:ea:f6:a3", 
                "mtu": "1514", 
                "oper-status": "up", 
                "speed": "1000mbps", 
                "type": "Ethernet"
            }, 
            "esi": {
                "admin-status": "up", 
                "macaddress": "Unspecified", 
                "mtu": "Unlimited", 
                "oper-status": "up", 
                "speed": "Unlimited", 
                "type": "Software-Pseudo"
            }, 
            "gr-0/0/0": {
                "admin-status": "up", 
                "macaddress": null, 
                "mtu": "Unlimited", 
                "oper-status": "up", 
                "speed": "800mbps", 
                "type": "GRE"
            }, 
            "gre": {
                "admin-status": "up", 
                "macaddress": null, 
                "mtu": "Unlimited", 
                "oper-status": "up", 
                "speed": "Unlimited", 
                "type": "GRE"
            }, 
            "ipip": {
                "admin-status": "up", 
                "macaddress": null, 
                "mtu": "Unlimited", 
                "oper-status": "up", 
                "speed": "Unlimited", 
                "type": "IPIP"
            }, 
            "irb": {
                "admin-status": "up", 
                "macaddress": "02:05:86:71:8a:00", 
                "mtu": "1514", 
                "oper-status": "up", 
                "speed": "Unspecified", 
                "type": "Ethernet"
            }, 
            "lo0": {
                "admin-status": "up", 
                "macaddress": "Unspecified", 
                "mtu": "Unlimited", 
                "oper-status": "up", 
                "speed": "Unspecified", 
                "type": "Loopback"
            }, 
            "lsi": {
                "admin-status": "up", 
                "macaddress": "Unspecified", 
                "mtu": "Unlimited", 
                "oper-status": "up", 
                "speed": "Unlimited", 
                "type": "Software-Pseudo"
            }, 
            "mtun": {
                "admin-status": "up", 
                "macaddress": null, 
                "mtu": "Unlimited", 
                "oper-status": "up", 
                "speed": "Unlimited", 
                "type": "Multicast-GRE"
            }, 
            "pimd": {
                "admin-status": "up", 
                "macaddress": null, 
                "mtu": "Unlimited", 
                "oper-status": "up", 
                "speed": "Unlimited", 
                "type": "PIMD"
            }, 
            "pime": {
                "admin-status": "up", 
                "macaddress": null, 
                "mtu": "Unlimited", 
                "oper-status": "up", 
                "speed": "Unlimited", 
                "type": "PIME"
            }, 
            "pip0": {
                "admin-status": "up", 
                "macaddress": "02:05:86:71:85:df", 
                "mtu": "1514", 
                "oper-status": "up", 
                "speed": "Unspecified", 
                "type": "Ethernet"
            }, 
            "tap": {
                "admin-status": "up", 
                "macaddress": "Unspecified", 
                "mtu": "Unlimited", 
                "oper-status": "up", 
                "speed": "Unlimited", 
                "type": "Software-Pseudo"
            }, 
            "vme": {
                "admin-status": "up", 
                "macaddress": "02:05:86:71:8a:01", 
                "mtu": "1514", 
                "oper-status": "down", 
                "speed": "Unspecified", 
                "type": "Mgmt-VLAN"
            }, 
            "vtep": {
                "admin-status": "up", 
                "macaddress": "Unspecified", 
                "mtu": "Unlimited", 
                "oper-status": "up", 
                "speed": "Unlimited", 
                "type": "Software-Pseudo"
            }
        }, 
        "ansible_net_memfree_mb": 230416, 
        "ansible_net_memtotal_mb": 1015264, 
        "ansible_net_model": "vqfx-10000", 
        "ansible_net_serialnum": "661789719218", 
        "ansible_net_version": "15.1X53-D63.9"
    }, 
    "changed": false, 
    "failed": false
}
2017-10-12 23:28:47,451 p=31559 u=jdacosta |  TASK [Build configuration] ***********************************************************************************************************************************
2017-10-12 23:28:47,451 p=31559 u=jdacosta |  task path: /Users/jdacosta/Devel/darkbulb/examples/juniper/light-2qfx/deploy.yaml:11
2017-10-12 23:28:48,327 p=31559 u=jdacosta |  ok: [spine01] => {
    "changed": false, 
    "checksum": "f0a2ecd6854b531da7d80287e8c94bb67b9744ce", 
    "failed": false, 
    "gid": 20, 
    "group": "staff", 
    "mode": "0644", 
    "owner": "jdacosta", 
    "path": "configs/spine01.conf", 
    "size": 3606, 
    "state": "file", 
    "uid": 501
}
2017-10-12 23:28:48,368 p=31559 u=jdacosta |  ok: [leaf01] => {
    "changed": false, 
    "checksum": "8ca5dc034a3352c9f16ae6b2b9141c91e0a69ea8", 
    "failed": false, 
    "gid": 20, 
    "group": "staff", 
    "mode": "0644", 
    "owner": "jdacosta", 
    "path": "configs/leaf01.conf", 
    "size": 3608, 
    "state": "file", 
    "uid": 501
}
2017-10-12 23:28:48,388 p=31559 u=jdacosta |  TASK [Deploy config to device] *******************************************************************************************************************************
2017-10-12 23:28:48,389 p=31559 u=jdacosta |  task path: /Users/jdacosta/Devel/darkbulb/examples/juniper/light-2qfx/deploy.yaml:16
2017-10-12 23:28:49,187 p=31679 u=jdacosta |  re-using existing socket for vagrant@127.0.0.1:2200
2017-10-12 23:28:49,187 p=31569 u=jdacosta |  incoming request accepted on persistent socket
2017-10-12 23:28:49,188 p=31569 u=jdacosta |  socket operation is CONTEXT
2017-10-12 23:28:49,188 p=31569 u=jdacosta |  socket operation completed with rc 0
2017-10-12 23:28:49,188 p=31569 u=jdacosta |  socket operation is RUN
2017-10-12 23:28:49,188 p=31569 u=jdacosta |  socket operation completed with rc 0
2017-10-12 23:28:49,241 p=31678 u=jdacosta |  re-using existing socket for vagrant@127.0.0.1:2222
2017-10-12 23:28:49,242 p=31568 u=jdacosta |  incoming request accepted on persistent socket
2017-10-12 23:28:49,242 p=31568 u=jdacosta |  socket operation is CONTEXT
2017-10-12 23:28:49,242 p=31568 u=jdacosta |  socket operation completed with rc 0
2017-10-12 23:28:49,242 p=31568 u=jdacosta |  socket operation is RUN
2017-10-12 23:28:49,242 p=31568 u=jdacosta |  socket operation completed with rc 0
2017-10-12 23:28:50,230 p=31568 u=jdacosta |  incoming request accepted on persistent socket
2017-10-12 23:28:50,230 p=31568 u=jdacosta |  socket operation is EXEC
2017-10-12 23:28:50,230 p=31568 u=jdacosta |  Command executed: <get-configuration format="set"/>
2017-10-12 23:28:50,230 ncclient.operations.rpc Requesting 'ExecuteRpc'
2017-10-12 23:28:50,324 p=31569 u=jdacosta |  incoming request accepted on persistent socket
2017-10-12 23:28:50,324 p=31569 u=jdacosta |  socket operation is EXEC
2017-10-12 23:28:50,324 p=31569 u=jdacosta |  Command executed: <get-configuration format="set"/>
2017-10-12 23:28:50,325 ncclient.operations.rpc Requesting 'ExecuteRpc'
2017-10-12 23:28:51,106 p=31568 u=jdacosta |  shutdown persistent connection requested
2017-10-12 23:28:51,106 p=31568 u=jdacosta |  closing local listener
2017-10-12 23:28:51,106 p=31568 u=jdacosta |  closing the connection
2017-10-12 23:28:51,106 ncclient.operations.rpc Requesting 'CloseSession'
2017-10-12 23:28:51,107 p=31568 u=jdacosta |  removing the local control socket
2017-10-12 23:28:51,107 p=31568 u=jdacosta |  shutdown complete
2017-10-12 23:28:51,107 p=31568 u=jdacosta |  shutdown local socket, connection was active for 0:00:07.180245 secs
Traceback (most recent call last):
  File "/usr/local/bin/ansible-connection", line 389, in <module>
    main()
  File "/usr/local/bin/ansible-connection", line 328, in main
    server.run()
  File "/usr/local/bin/ansible-connection", line 169, in run
    if e.errno != errno.EINTR:
AttributeError: 'SessionCloseError' object has no attribute 'errno'
2017-10-12 23:28:51,161 p=31559 u=jdacosta |  An exception occurred during task execution. To see the full traceback, use -vvv. The error was: TypeError: int() can't convert non-string with explicit base
2017-10-12 23:28:51,162 p=31559 u=jdacosta |  fatal: [spine01]: FAILED! => {
    "changed": false, 
    "failed": true, 
    "module_stderr": "Traceback (most recent call last):\n  File \"/var/folders/jv/29pmt_2j39ngz8ftz40j1mn00000gn/T/ansible_x8cg0F/ansible_module_junos_config.py\", line 395, in <module>\n    main()\n  File \"/var/folders/jv/29pmt_2j39ngz8ftz40j1mn00000gn/T/ansible_x8cg0F/ansible_module_junos_config.py\", line 340, in main\n    reply = get_configuration(module, format=conf_format)\n  File \"/var/folders/jv/29pmt_2j39ngz8ftz40j1mn00000gn/T/ansible_x8cg0F/ansible_modlib.zip/ansible/module_utils/junos.py\", line 138, in get_configuration\n  File \"/var/folders/jv/29pmt_2j39ngz8ftz40j1mn00000gn/T/ansible_x8cg0F/ansible_modlib.zip/ansible/module_utils/netconf.py\", line 42, in send_request\n  File \"/var/folders/jv/29pmt_2j39ngz8ftz40j1mn00000gn/T/ansible_x8cg0F/ansible_modlib.zip/ansible/module_utils/connection.py\", line 71, in exec_command\nTypeError: int() can't convert non-string with explicit base\n", 
    "module_stdout": "", 
    "rc": 0
}

MSG:

MODULE FAILURE

2017-10-12 23:28:51,200 p=31569 u=jdacosta |  shutdown persistent connection requested
2017-10-12 23:28:51,200 p=31569 u=jdacosta |  closing local listener
2017-10-12 23:28:51,200 p=31569 u=jdacosta |  closing the connection
2017-10-12 23:28:51,201 ncclient.operations.rpc Requesting 'CloseSession'
2017-10-12 23:28:51,201 p=31569 u=jdacosta |  removing the local control socket
2017-10-12 23:28:51,201 p=31569 u=jdacosta |  shutdown complete
2017-10-12 23:28:51,201 p=31569 u=jdacosta |  shutdown local socket, connection was active for 0:00:07.265188 secs
Traceback (most recent call last):
  File "/usr/local/bin/ansible-connection", line 389, in <module>
    main()
  File "/usr/local/bin/ansible-connection", line 328, in main
    server.run()
  File "/usr/local/bin/ansible-connection", line 169, in run
    if e.errno != errno.EINTR:
AttributeError: 'SessionCloseError' object has no attribute 'errno'
2017-10-12 23:28:51,258 p=31559 u=jdacosta |  An exception occurred during task execution. To see the full traceback, use -vvv. The error was: TypeError: int() can't convert non-string with explicit base
2017-10-12 23:28:51,258 p=31559 u=jdacosta |  fatal: [leaf01]: FAILED! => {
    "changed": false, 
    "failed": true, 
    "module_stderr": "Traceback (most recent call last):\n  File \"/var/folders/jv/29pmt_2j39ngz8ftz40j1mn00000gn/T/ansible_Rtf5EG/ansible_module_junos_config.py\", line 395, in <module>\n    main()\n  File \"/var/folders/jv/29pmt_2j39ngz8ftz40j1mn00000gn/T/ansible_Rtf5EG/ansible_module_junos_config.py\", line 340, in main\n    reply = get_configuration(module, format=conf_format)\n  File \"/var/folders/jv/29pmt_2j39ngz8ftz40j1mn00000gn/T/ansible_Rtf5EG/ansible_modlib.zip/ansible/module_utils/junos.py\", line 138, in get_configuration\n  File \"/var/folders/jv/29pmt_2j39ngz8ftz40j1mn00000gn/T/ansible_Rtf5EG/ansible_modlib.zip/ansible/module_utils/netconf.py\", line 42, in send_request\n  File \"/var/folders/jv/29pmt_2j39ngz8ftz40j1mn00000gn/T/ansible_Rtf5EG/ansible_modlib.zip/ansible/module_utils/connection.py\", line 71, in exec_command\nTypeError: int() can't convert non-string with explicit base\n", 
    "module_stdout": "", 
    "rc": 0
}

MSG:

MODULE FAILURE

2017-10-12 23:28:51,264 p=31559 u=jdacosta |  	to retry, use: --limit @/Users/jdacosta/Devel/darkbulb/examples/juniper/light-2qfx/deploy.retry

2017-10-12 23:28:51,265 p=31559 u=jdacosta |  PLAY RECAP ***************************************************************************************************************************************************
2017-10-12 23:28:51,265 p=31559 u=jdacosta |  leaf01                     : ok=2    changed=0    unreachable=0    failed=1   
2017-10-12 23:28:51,265 p=31559 u=jdacosta |  spine01                    : ok=2    changed=0    unreachable=0    failed=1   
